<?xml version="1.0" encoding="UTF-8"?>
<!-- Generated by org.testng.reporters.JUnitReportReporter -->
<testsuite hostname="DESKTOP-OVVO66B" failures="0" tests="4" name="Test1.ALTORO_MUTUAL.Altoro_test1" time="16.042" errors="0" timestamp="2022-10-12T13:29:09 IST" skipped="0">
  <testcase classname="Test1.ALTORO_MUTUAL.Altoro_test1" name="open_url" time="4.483"/>
  <system-out/>
  <testcase classname="Test1.ALTORO_MUTUAL.Altoro_test1" name="open_url1" time="2.726"/>
  <system-out/>
  <testcase classname="Test1.ALTORO_MUTUAL.Altoro_test1" name="open_url2" time="4.006"/>
  <system-out/>
  <testcase classname="Test1.ALTORO_MUTUAL.Altoro_test1" name="open_transactions" time="4.827"/>
  <system-out/>
</testsuite> <!-- Test1.ALTORO_MUTUAL.Altoro_test1 -->
